Jun 30, 2018 7:27:42 PM opennlp.ccg.realize.hypertagger.LSTMHypertaggerLogger logLinConfig
INFO: LinConfig: (allrel, 5, false, eng)
Jun 30, 2018 7:27:42 PM opennlp.ccg.realize.hypertagger.HypertagResultsGenerator startServer
INFO: Hypertagger server started
Jun 30, 2018 7:27:56 PM opennlp.ccg.realize.hypertagger.HypertagResultsGenerator startSetupClient
INFO: Hypertagger server setup complete
Jun 30, 2018 7:27:56 PM opennlp.ccg.realize.hypertagger.LSTMHypertagger mapPreds
INFO: Calling mapPreds: [@w0(a), @w1:ORGANIZATION(Lorillard), @w1:ORGANIZATION(<num>sg), @w10(story), @w10(<num>sg), @w10(<Det>w8), @w10(<Mod>w9), @w2(spokewoman), @w2(<num>sg), @w2(<Det>w0), @w2(<Mod>w1:ORGANIZATION), @w3(say.01), @w3(<mood>dcl), @w3(<tense>past), @w3(<Arg0>w2), @w3(<Arg1>w5), @w5(quote-rel), @w5(<Arg>w7), @w6(this), @w7(be), @w7(<tense>pres), @w7(<Arg0>w6), @w7(<Arg1>w10), @w8(an), @w9(old)]
Jun 30, 2018 7:27:56 PM opennlp.ccg.realize.hypertagger.LSTMHypertaggerLogger logLogicalForm
INFO: LogicalForm object
Word ID's: [w7, w8, w9, w10, w0, w1, w2, w3, w5, w6]
Roots: [feats(w3:say.01)]
Jun 30, 2018 7:27:56 PM opennlp.ccg.realize.hypertagger.HypertagResultsGenerator getHypertagResults
INFO: Linearization: [(, (, w0, w1, w2, w3, (, w5, (, w6, w7, w8, w9, w10, ), ), ), )]
Jun 30, 2018 7:27:56 PM opennlp.ccg.realize.hypertagger.HypertagResultsGenerator getHypertagResults
INFO: AnnotSeq: (||||||||||||||||||| (||||||||||||||||||| a||||||||0|0|Det||||||||| Lorillard||ORGANIZATION|||sg|||0|0|Mod||||||||| spokewoman|||||sg|||2|0|Arg0||||||||| say||||dcl|||past|2|2||||||Arg0|Arg1||| (||||||||||||||||||| quote-rel||||||||1|0|Arg1||||||||| (||||||||||||||||||| this||||||||0|0|Arg0||||||||| be|||||||pres|2|2|Arg|||||Arg0|Arg1||| an||||||||0|0|Det||||||||| old||||||||0|0|Mod||||||||| story|||||sg|||2|0|Arg1||||||||| )||||||||||||||||||| )||||||||||||||||||| )||||||||||||||||||| )|||||||||||||||||||
Jun 30, 2018 7:27:56 PM opennlp.ccg.realize.hypertagger.HypertagResultsGenerator getHypertagResults
INFO: Nom order: [w0, w1, w1, w10, w10, w10, w10, w2, w2, w2, w2, w3, w3, w3, w3, w3, w5, w5, w6, w7, w7, w7, w7, w8, w9]
Jun 30, 2018 7:27:56 PM opennlp.ccg.realize.hypertagger.HypertagResults <init>
INFO: Predlin map: {0=3, 1=4, 2=4, 3=14, 4=14, 5=14, 6=14, 7=5, 8=5, 9=5, 10=5, 11=6, 12=6, 13=6, 14=6, 15=6, 16=8, 17=8, 18=10, 19=11, 20=11, 21=11, 22=11, 23=12, 24=13}
Jun 30, 2018 7:27:56 PM opennlp.ccg.realize.hypertagger.LSTMHypertagger getSupertags
INFO: @w0(a)	{np/n=0.99999964}
Jun 30, 2018 7:28:47 PM opennlp.ccg.realize.hypertagger.LSTMHypertagger getSupertags
INFO: @w1:ORGANIZATION(Lorillard)	{n/n=0.9782306}
Jun 30, 2018 7:29:05 PM opennlp.ccg.realize.hypertagger.LSTMHypertagger getSupertags
INFO: @w10(story)	{n=1.0}
Jun 30, 2018 7:29:19 PM opennlp.ccg.realize.hypertagger.LSTMHypertagger getSupertags
INFO: @w2(spokewoman)	{n=0.99999857}
Jun 30, 2018 7:29:31 PM opennlp.ccg.realize.hypertagger.LSTMHypertagger getSupertags
INFO: @w3(say.01)	{s[dcl]\s[dcl]/np=0.19172406, s[dcl]\np/s[dcl]/punct[,]=0.37530556, s[dcl]\np/s[dcl]=0.11810437, s[dcl]\np/s[dcl]/punct[&#58;]=0.18917805}
Jun 30, 2018 7:30:44 PM opennlp.ccg.realize.hypertagger.LSTMHypertagger getSupertags
INFO: @w5(quote-rel)	{s/punct[&apos;&apos;]/s=0.99986637}
Jun 30, 2018 7:31:03 PM opennlp.ccg.realize.hypertagger.LSTMHypertagger getSupertags
INFO: @w6(this)	{np=0.9999201}
Jun 30, 2018 7:31:18 PM opennlp.ccg.realize.hypertagger.LSTMHypertagger getSupertags
INFO: @w7(be)	{s[dcl]\np/np=0.9987669}
Jun 30, 2018 7:31:37 PM opennlp.ccg.realize.hypertagger.LSTMHypertagger getSupertags
INFO: @w8(an)	{np/n=0.99999964}
Jun 30, 2018 7:31:55 PM opennlp.ccg.realize.hypertagger.LSTMHypertagger getSupertags
INFO: @w9(old)	{n/n=0.9950217}
Jun 30, 2018 7:32:06 PM opennlp.ccg.realize.hypertagger.LSTMHypertagger mapPreds
INFO: Calling mapPreds: [@w0(a), @w1:ORGANIZATION(Lorillard), @w1:ORGANIZATION(<num>sg), @w10(story), @w10(<num>sg), @w10(<Det>w8), @w10(<Mod>w9), @w2(spokewoman), @w2(<num>sg), @w2(<Det>w0), @w2(<Mod>w1:ORGANIZATION), @w3(say.01), @w3(<mood>dcl), @w3(<tense>past), @w3(<Arg0>w2), @w3(<Arg1>w5), @w5(quote-rel), @w5(<Arg>w7), @w6(this), @w7(be), @w7(<tense>pres), @w7(<Arg0>w6), @w7(<Arg1>w10), @w8(an), @w9(old)]
Jun 30, 2018 7:32:06 PM opennlp.ccg.realize.hypertagger.LSTMHypertaggerLogger logLogicalForm
INFO: LogicalForm object
Word ID's: [w7, w8, w9, w10, w0, w1, w2, w3, w5, w6]
Roots: [feats(w3:say.01)]
Jun 30, 2018 7:32:06 PM opennlp.ccg.realize.hypertagger.HypertagResultsGenerator getHypertagResults
INFO: Linearization: [(, (, w0, w1, w2, w3, (, w5, (, w6, w7, w8, w9, w10, ), ), ), )]
Jun 30, 2018 7:32:06 PM opennlp.ccg.realize.hypertagger.HypertagResultsGenerator getHypertagResults
INFO: AnnotSeq: (||||||||||||||||||| (||||||||||||||||||| a||||||||0|0|Det||||||||| Lorillard||ORGANIZATION|||sg|||0|0|Mod||||||||| spokewoman|||||sg|||2|0|Arg0||||||||| say||||dcl|||past|2|2||||||Arg0|Arg1||| (||||||||||||||||||| quote-rel||||||||1|0|Arg1||||||||| (||||||||||||||||||| this||||||||0|0|Arg0||||||||| be|||||||pres|2|2|Arg|||||Arg0|Arg1||| an||||||||0|0|Det||||||||| old||||||||0|0|Mod||||||||| story|||||sg|||2|0|Arg1||||||||| )||||||||||||||||||| )||||||||||||||||||| )||||||||||||||||||| )|||||||||||||||||||
Jun 30, 2018 7:32:06 PM opennlp.ccg.realize.hypertagger.HypertagResultsGenerator getHypertagResults
INFO: Nom order: [w0, w1, w1, w10, w10, w10, w10, w2, w2, w2, w2, w3, w3, w3, w3, w3, w5, w5, w6, w7, w7, w7, w7, w8, w9]
Jun 30, 2018 7:32:06 PM opennlp.ccg.realize.hypertagger.HypertagResults <init>
INFO: Predlin map: {0=3, 1=4, 2=4, 3=14, 4=14, 5=14, 6=14, 7=5, 8=5, 9=5, 10=5, 11=6, 12=6, 13=6, 14=6, 15=6, 16=8, 17=8, 18=10, 19=11, 20=11, 21=11, 22=11, 23=12, 24=13}
Jun 30, 2018 7:32:06 PM opennlp.ccg.realize.hypertagger.LSTMHypertagger getSupertags
INFO: @w0(a)	{np/n=0.99999964}
Jun 30, 2018 7:35:07 PM opennlp.ccg.realize.hypertagger.LSTMHypertagger getSupertags
INFO: @w1:ORGANIZATION(Lorillard)	{n/n=0.9782306}
Jun 30, 2018 7:35:07 PM opennlp.ccg.realize.hypertagger.LSTMHypertagger getSupertags
INFO: @w10(story)	{n=1.0}
Jun 30, 2018 7:35:07 PM opennlp.ccg.realize.hypertagger.LSTMHypertagger getSupertags
INFO: @w2(spokewoman)	{n=0.99999857}
Jun 30, 2018 7:35:07 PM opennlp.ccg.realize.hypertagger.LSTMHypertagger getSupertags
INFO: @w3(say.01)	{s[dcl]\s[dcl]/np=0.19172406, s[dcl]\np/s[dcl]/punct[,]=0.37530556, s[dcl]\np/s[dcl]=0.11810437, s[dcl]\np/s[dcl]/punct[&#58;]=0.18917805}
Jun 30, 2018 7:35:07 PM opennlp.ccg.realize.hypertagger.LSTMHypertagger getSupertags
INFO: @w5(quote-rel)	{s/punct[&apos;&apos;]/s=0.99986637}
Jun 30, 2018 7:35:07 PM opennlp.ccg.realize.hypertagger.LSTMHypertagger getSupertags
INFO: @w6(this)	{np=0.9999201}
Jun 30, 2018 7:35:07 PM opennlp.ccg.realize.hypertagger.LSTMHypertagger getSupertags
INFO: @w7(be)	{s[dcl]\np/np=0.9987669}
Jun 30, 2018 7:35:07 PM opennlp.ccg.realize.hypertagger.LSTMHypertagger getSupertags
INFO: @w8(an)	{np/n=0.99999964}
Jun 30, 2018 7:35:07 PM opennlp.ccg.realize.hypertagger.LSTMHypertagger getSupertags
INFO: @w9(old)	{n/n=0.9950217}
