INFO:root:Feature order: ['PN', 'hypertag', 'XC', 'ZD', 'ZM', 'ZN', 'ZP', 'ZT', 'FO', 'NA', 'PR#5', 'AT#5']
INFO:root:Number of feature spaces: 20
INFO:root:Size of space of PN: 243659
INFO:root:Size of space of hypertag: 531
INFO:root:Space of XC: ['', 'NAME', 'MONEY', 'PERCENT', 'PERSON', 'LOCATION', 'TIME', 'DATE', 'ORGANIZATION', None, '*UNKNOWN*']
INFO:root:Space of ZD: ['', None, 'nil', '*UNKNOWN*']
INFO:root:Space of ZM: ['', 'dcl', None, 'int', 'imp', 'excl', '*UNKNOWN*']
INFO:root:Space of ZN: ['', 'sg', None, 'pl', '*UNKNOWN*']
INFO:root:Space of ZP: ['', 'past', None, 'pres', 'pass', '*UNKNOWN*']
INFO:root:Space of ZT: ['', 'past', None, 'pres', '*UNKNOWN*']
INFO:root:Size of space of FO: 15
INFO:root:Space of NA: ['', None, '1', '0', '3', '2', '4', '7', '*UNKNOWN*']
INFO:root:Size of space of PR0: 36
INFO:root:Size of space of PR1: 19
INFO:root:Space of PR2: ['', 'Arg1a', None, 'Arg0', 'Of', 'Arg2', 'Arg3', 'ArgM', 'rel', 'Arg1', 'ArgA', '*UNKNOWN*']
INFO:root:Space of PR3: ['', 'Arg1a', None, 'Arg0', 'Of', 'Arg2', 'Arg3', 'Arg1', '*UNKNOWN*']
INFO:root:Space of PR4: ['', None, 'Arg0', 'Arg1', 'Arg2', 'Arg3', 'Of', '*UNKNOWN*']
INFO:root:Space of AT0: ['', 'Arg1a', None, 'Arg0', 'Arg1', 'Arg2', 'Arg3', 'Arg4', 'Arg2a', '*UNKNOWN*']
INFO:root:Space of AT1: ['', 'Arg1b', 'Arg1a', None, 'Arg0', 'Arg1', 'Arg2', 'Arg3', 'Arg4', 'Arg2b', 'Arg2a', 'Arg5', '*UNKNOWN*']
INFO:root:Space of AT2: ['', 'Arg1b', 'Arg1a', None, 'Arg1', 'Arg2', 'Arg3', 'Arg4', 'Arg5', 'Arg2b', '*UNKNOWN*']
INFO:root:Space of AT3: ['', None, 'Arg2', 'Arg3', 'Arg4', 'Arg5', '*UNKNOWN*']
INFO:root:Space of AT4: ['', '\n', 'Arg4', None, '*UNKNOWN*']
INFO:root:Number of hypertags: 528
INFO:root:Model x: Tensor("model_1/inputs/x:0", shape=(?, 180, 19), dtype=int32)
INFO:root:Model num_tokens: Tensor("model_1/inputs/num_tokens:0", shape=(?,), dtype=int64)
INFO:root:Model scores: Tensor("model_1/prediction/scores:0", shape=(?, 180, 528), dtype=float32)
INFO:TAGGERFLOWSERVER/1234:server started on [0.0.0.0]:1234
INFO:TAGGERFLOWSERVER/1234:accepted ('127.0.0.1', 51700) with fd 5
INFO:TAGGERFLOWSERVER/1234:welcome ('127.0.0.1', 51700)
INFO:root:Feature order: ['PN', 'hypertag', 'XC', 'ZD', 'ZM', 'ZN', 'ZP', 'ZT', 'FO', 'NA', 'PR0', 'PR1', 'PR2', 'PR3', 'PR4', 'AT0', 'AT1', 'AT2', 'AT3', 'AT4']
INFO:root:[['<s>', '"(', '(', '(', 'Pierre_Vinken', 'old', '61', 'year', ')', 'will', '(', 'Nov._29', 'join', 'the', 'board', 'as', 'a', 'nonexecutive', 'director', ')', ')', ')', '</s>']]
INFO:root:[[None, '', '', '', '', '', '', '', '', '', '', '', '', '', '', '', '', '', '', '', '', '', None]]
INFO:root:[[None, '', '', '', 'PERSON', '', '', '', '', '', '', 'DATE', '', '', '', '', '', '', '', '', '', '', None]]
INFO:root:[[None, '', '', '', '', '', '', 'nil', '', '', '', '', '', '', '', '', '', '', '', '', '', '', None]]
INFO:root:[[None, '', '', '', '', '', '', '', '', 'dcl', '', '', '', '', '', '', '', '', '', '', '', '', None]]
INFO:root:[[None, '', '', '', 'sg', '', '', 'pl', '', '', '', '', '', '', 'sg', '', '', '', 'sg', '', '', '', None]]
INFO:root:[[None, '', '', '', '', '', '', '', '', '', '', '', '', '', '', '', '', '', '', '', '', '', None]]
INFO:root:[[None, '', '', '', '', '', '', '', '', '', '', '', '', '', '', '', '', '', '', '', '', '', None]]
INFO:root:[[None, '', '', '', '1', '2', '0', '1', '', '2', '', '0', '4', '0', '1', '1', '0', '0', '2', '', '', '', None]]
INFO:root:[[None, '', '', '', '0', '2', '0', '0', '', '2', '', '0', '2', '0', '0', '1', '0', '0', '0', '', '', '', None]]
INFO:root:[[None, '', '', '', 'Arg0', 'ApposRel', 'Mod', 'Arg1', '', '', '', 'Mod', 'Arg1', 'Det', 'Arg1', 'Mod', 'Det', 'Mod', 'Arg1', '', '', '', None]]
INFO:root:[[None, '', '', '', 'Arg0', '', '', '', '', '', '', '', '', '', '', '', '', '', '', '', '', '', None]]
INFO:root:[[None, '', '', '', 'Arg0', '', '', '', '', '', '', '', '', '', '', '', '', '', '', '', '', '', None]]
INFO:root:[[None, '', '', '', '', '', '', '', '', '', '', '', '', '', '', '', '', '', '', '', '', '', None]]
INFO:root:[[None, '', '', '', '', '', '', '', '', '', '', '', '', '', '', '', '', '', '', '', '', '', None]]
INFO:root:[[None, '', '', '', '', 'Arg0', '', '', '', 'Arg0', '', '', 'Arg0', '', '', 'Arg1', '', '', '', '', '', '', None]]
INFO:root:[[None, '', '', '', '', 'Arg1', '', '', '', 'Arg1', '', '', 'Arg1', '', '', '', '', '', '', '', '', '', None]]
INFO:root:[[None, '', '', '', '', '', '', '', '', '', '', '', '', '', '', '', '', '', '', '', '', '', None]]
INFO:root:[[None, '', '', '', '', '', '', '', '', '', '', '', '', '', '', '', '', '', '', '', '', '', None]]
INFO:root:[[None, '', '', '', '', '', '', '', '', '', '', '', '', '', '', '', '', '', '', '', '', '"', None]]
INFO:root:x shape: (1, 180, 19)
INFO:root:num_tokens: [23]
INFO:root:weights: [0. 1. 0. 0. 1. 1. 1. 1. 0. 1. 0. 1. 1. 1. 1. 1. 1. 1. 1. 0. 0. 0. 0. 0.
 0.]
INFO:TAGGERFLOWSERVER/1234:goodbye ('127.0.0.1', 51700)
INFO:TAGGERFLOWSERVER/1234:accepted ('127.0.0.1', 51702) with fd 5
INFO:TAGGERFLOWSERVER/1234:welcome ('127.0.0.1', 51702)
INFO:root:Feature order: ['PN', 'hypertag', 'XC', 'ZD', 'ZM', 'ZN', 'ZP', 'ZT', 'FO', 'NA', 'PR0', 'PR1', 'PR2', 'PR3', 'PR4', 'AT0', 'AT1', 'AT2', 'AT3', 'AT4']
INFO:root:[['<s>', '"(', '(', 'Mr._Vinken', 'be', '(', 'chairman', '(', 'of', '(', 'Elsevier_N.V.', '(', 'the', 'Dutch', 'group', 'publish', ')', ')', ')', ')', ')', ')', '</s>']]
INFO:root:[[None, '', '', '', '', '', '', '', '', '', '', '', '', '', '', '', '', '', '', '', '', '', None]]
INFO:root:[[None, '', '', 'PERSON', '', '', '', '', '', '', 'ORGANIZATION', '', '', 'NAME', '', '', '', '', '', '', '', '', None]]
INFO:root:[[None, '', '', '', '', '', 'nil', '', '', '', '', '', '', '', '', '', '', '', '', '', '', '', None]]
INFO:root:[[None, '', '', '', 'dcl', '', '', '', '', '', '', '', '', '', '', '', '', '', '', '', '', '', None]]
INFO:root:[[None, '', '', 'sg', '', '', 'sg', '', '', '', 'sg', '', '', 'sg', 'sg', '', '', '', '', '', '', '', None]]
INFO:root:[[None, '', '', '', '', '', '', '', '', '', '', '', '', '', '', 'pres', '', '', '', '', '', '', None]]
INFO:root:[[None, '', '', '', 'pres', '', '', '', '', '', '', '', '', '', '', '', '', '', '', '', '', '', None]]
INFO:root:[[None, '', '', '0', '2', '', '1', '', '1', '', '1', '', '0', '0', '3', '1', '', '', '', '', '', '', None]]
INFO:root:[[None, '', '', '0', '2', '', '0', '', '1', '', '0', '', '0', '0', '0', '1', '', '', '', '', '', '', None]]
INFO:root:[[None, '', '', 'Arg0', '', '', 'Arg1', '', 'Mod', '', 'Arg1', '', 'Det', 'Mod', 'ApposRel', 'ArgM', '', '', '', '', '', '', None]]
INFO:root:[[None, '', '', '', '', '', '', '', '', '', '', '', '', '', 'Arg0', '', '', '', '', '', '', '', None]]
INFO:root:[[None, '', '', '', '', '', '', '', '', '', '', '', '', '', '', '', '', '', '', '', '', '', None]]
INFO:root:[[None, '', '', '', '', '', '', '', '', '', '', '', '', '', '', '', '', '', '', '', '', '', None]]
INFO:root:[[None, '', '', '', '', '', '', '', '', '', '', '', '', '', '', '', '', '', '', '', '', '', None]]
INFO:root:[[None, '', '', '', 'Arg0', '', '', '', 'Arg1', '', '', '', '', '', '', 'Arg0', '', '', '', '', '', '', None]]
INFO:root:[[None, '', '', '', 'Arg1', '', '', '', '', '', '', '', '', '', '', '', '', '', '', '', '', '', None]]
INFO:root:[[None, '', '', '', '', '', '', '', '', '', '', '', '', '', '', '', '', '', '', '', '', '', None]]
INFO:root:[[None, '', '', '', '', '', '', '', '', '', '', '', '', '', '', '', '', '', '', '', '', '', None]]
INFO:root:[[None, '', '', '', '', '', '', '', '', '', '', '', '', '', '', '', '', '', '', '', '', '"', None]]
INFO:root:x shape: (1, 180, 19)
INFO:root:num_tokens: [23]
INFO:root:weights: [0. 1. 0. 1. 1. 0. 1. 0. 1. 0. 1. 0. 1. 1. 1. 1. 0. 0. 0. 0. 0. 0. 0. 0.
 0.]
INFO:TAGGERFLOWSERVER/1234:goodbye ('127.0.0.1', 51702)
INFO:TAGGERFLOWSERVER/1234:accepted ('127.0.0.1', 51704) with fd 5
INFO:TAGGERFLOWSERVER/1234:welcome ('127.0.0.1', 51704)
INFO:root:Feature order: ['PN', 'hypertag', 'XC', 'ZD', 'ZM', 'ZN', 'ZP', 'ZT', 'FO', 'NA', 'PR0', 'PR1', 'PR2', 'PR3', 'PR4', 'AT0', 'AT1', 'AT2', 'AT3', 'AT4']
INFO:root:[['<s>', '"(', '(', 'a', 'spokeswoman', 'say', '(', 'Dow', 'be', '(', 'comfortable', '(', 'with', '(', 'Street', 'Wall', 'expectation', '(', 'full-year', 'earnings', 'will', '(', 'total', '(', 'a', 'share', 'about', '$_14.60', '(', 'compare', '(', 'with', '(', 'last', 'year', 'record', 'net', '(', 'of', '(', 'or', '$_2.4_billion', 'a', 'share', '$_12.76', ')', ')', ')', ')', ')', ')', ')', ')', ')', ')', ')', ')', ')', ')', '</s>']]
INFO:root:[[None, '', '', '', '', '', '', '', '', '', '', '', '', '', '', '', '', '', '', '', '', '', '', '', '', '', '', '', '', '', '', '', '', '', '', '', '', '', '', '', '', '', '', '', '', '', '', '', '', '', '', '', '', '', '', '', '', '', '', None]]
INFO:root:[[None, '', '', '', '', '', '', 'ORGANIZATION', '', '', '', '', '', '', 'NAME', 'NAME', '', '', '', '', '', '', '', '', '', '', '', 'MONEY', '', '', '', '', '', '', '', '', '', '', '', '', '', 'MONEY', '', '', 'MONEY', '', '', '', '', '', '', '', '', '', '', '', '', '', '', None]]
INFO:root:[[None, '', '', '', '', '', '', '', '', '', '', '', '', '', '', '', 'nil', '', '', 'nil', '', '', '', '', '', '', '', 'nil', '', '', '', '', '', '', 'nil', '', '', '', '', '', '', '', '', '', '', '', '', '', '', '', '', '', '', '', '', '', '', '', '', None]]
INFO:root:[[None, '', '', '', '', 'dcl', '', '', '', '', '', '', '', '', '', '', '', '', '', '', '', '', '', '', '', '', '', '', '', '', '', '', '', '', '', '', '', '', '', '', '', '', '', '', '', '', '', '', '', '', '', '', '', '', '', '', '', '', '', None]]
INFO:root:[[None, '', '', '', 'sg', '', '', 'sg', '', '', '', '', '', '', 'sg', 'sg', 'pl', '', '', 'pl', '', '', '', '', '', 'sg', '', '', '', '', '', '', '', '', 'sg', '', 'sg', '', '', '', '', '', '', 'sg', '', '', '', '', '', '', '', '', '', '', '', '', '', '', '', None]]
INFO:root:[[None, '', '', '', '', '', '', '', '', '', '', '', '', '', '', '', '', '', '', '', '', '', '', '', '', '', '', '', '', '', '', '', '', '', '', '', '', '', '', '', '', '', '', '', '', '', '', '', '', '', '', '', '', '', '', '', '', '', '', None]]
INFO:root:[[None, '', '', '', '', 'past', '', '', 'pres', '', '', '', '', '', '', '', '', '', '', '', '', '', '', '', '', '', '', '', '', '', '', '', '', '', '', '', '', '', '', '', '', '', '', '', '', '', '', '', '', '', '', '', '', '', '', '', '', '', '', None]]
INFO:root:[[None, '', '', '0', '1', '2', '', '0', '2', '', '2', '', '1', '', '0', '0', '3', '', '0', '1', '2', '', '2', '', '1', '0', '0', '4', '', '2', '', '1', '', '0', '1', '0', '3', '', '1', '', '2', '0', '1', '0', '1', '', '', '', '', '', '', '', '', '', '', '', '', '', '', None]]
INFO:root:[[None, '', '', '0', '0', '2', '', '0', '2', '', '2', '', '1', '', '0', '0', '0', '', '0', '0', '2', '', '2', '', '1', '0', '0', '0', '', '2', '', '1', '', '0', '0', '0', '0', '', '1', '', '0', '0', '1', '0', '0', '', '', '', '', '', '', '', '', '', '', '', '', '', '', None]]
INFO:root:[[None, '', '', 'Det', 'Arg0', '', '', 'Arg0', 'Arg1', '', 'Arg1', '', 'Arg1', '', 'Mod', 'Mod', 'Arg1', '', 'Mod', 'Arg0', 'Arg', '', 'Arg1', '', 'Mod', 'Arg1', 'Mod', 'Arg2', '', 'ApposRel', '', 'Arg2', '', 'Mod', 'GenOwn', 'Mod', 'Arg1', '', 'Mod', '', 'Arg1', 'First', 'Mod', 'Arg1', 'Next', '', '', '', '', '', '', '', '', '', '', '', '', '', '', None]]
INFO:root:[[None, '', '', '', '', '', '', 'Arg0', '', '', '', '', '', '', '', '', '', '', '', 'Arg1', '', '', '', '', '', '', '', 'Arg1', '', 'ArgM', '', '', '', '', '', '', '', '', '', '', '', '', '', '', '', '', '', '', '', '', '', '', '', '', '', '', '', '', '', None]]
INFO:root:[[None, '', '', '', '', '', '', '', '', '', '', '', '', '', '', '', '', '', '', '', '', '', '', '', '', '', '', '', '', '', '', '', '', '', '', '', '', '', '', '', '', '', '', '', '', '', '', '', '', '', '', '', '', '', '', '', '', '', '', None]]
INFO:root:[[None, '', '', '', '', '', '', '', '', '', '', '', '', '', '', '', '', '', '', '', '', '', '', '', '', '', '', '', '', '', '', '', '', '', '', '', '', '', '', '', '', '', '', '', '', '', '', '', '', '', '', '', '', '', '', '', '', '', '', None]]
INFO:root:[[None, '', '', '', '', '', '', '', '', '', '', '', '', '', '', '', '', '', '', '', '', '', '', '', '', '', '', '', '', '', '', '', '', '', '', '', '', '', '', '', '', '', '', '', '', '', '', '', '', '', '', '', '', '', '', '', '', '', '', None]]
INFO:root:[[None, '', '', '', '', 'Arg0', '', '', 'Arg0', '', 'Arg0', '', 'Arg1', '', '', '', '', '', '', '', 'Arg0', '', 'Arg1', '', 'Arg1', '', '', '', '', 'Arg1', '', 'Arg1', '', '', '', '', '', '', 'Arg1', '', '', '', 'Arg1', '', '', '', '', '', '', '', '', '', '', '', '', '', '', '', '', None]]
INFO:root:[[None, '', '', '', '', 'Arg1', '', '', 'Arg1', '', 'Arg1', '', '', '', '', '', '', '', '', '', 'Arg1', '', 'Arg2', '', '', '', '', '', '', 'Arg2', '', '', '', '', '', '', '', '', '', '', '', '', '', '', '', '', '', '', '', '', '', '', '', '', '', '', '', '', '', None]]
INFO:root:[[None, '', '', '', '', '', '', '', '', '', '', '', '', '', '', '', '', '', '', '', '', '', '', '', '', '', '', '', '', '', '', '', '', '', '', '', '', '', '', '', '', '', '', '', '', '', '', '', '', '', '', '', '', '', '', '', '', '', '', None]]
INFO:root:[[None, '', '', '', '', '', '', '', '', '', '', '', '', '', '', '', '', '', '', '', '', '', '', '', '', '', '', '', '', '', '', '', '', '', '', '', '', '', '', '', '', '', '', '', '', '', '', '', '', '', '', '', '', '', '', '', '', '', '', None]]
INFO:root:[[None, '', '', '', '', '', '', '', '', '', '', '', '', '', '', '', '', '', '', '', '', '', '', '', '', '', '', '', '', '', '', '', '', '', '', '', '', '', '', '', '', '', '', '', '', '', '', '', '', '', '', '', '', '', '', '', '', '', '"', None]]
INFO:root:x shape: (1, 180, 19)
INFO:root:num_tokens: [60]
INFO:root:weights: [0. 1. 0. 1. 1. 1. 0. 1. 1. 0. 1. 0. 1. 0. 1. 1. 1. 0. 1. 1. 1. 0. 1. 0.
 1.]
INFO:TAGGERFLOWSERVER/1234:goodbye ('127.0.0.1', 51704)
INFO:TAGGERFLOWSERVER/1234:accepted ('127.0.0.1', 51706) with fd 5
INFO:TAGGERFLOWSERVER/1234:welcome ('127.0.0.1', 51706)
INFO:root:Feature order: ['PN', 'hypertag', 'XC', 'ZD', 'ZM', 'ZN', 'ZP', 'ZT', 'FO', 'NA', 'PR0', 'PR1', 'PR2', 'PR3', 'PR4', 'AT0', 'AT1', 'AT2', 'AT3', 'AT4']
INFO:root:[['<s>', '"(', '(', 'a', 'spokeswoman', 'say', '(', 'Dow', 'be', '(', 'comfortable', '(', 'with', '(', 'Street', 'Wall', 'expectation', '(', 'full-year', 'earnings', 'will', '(', 'total', '(', 'a', 'share', 'about', '$_14.60', '(', 'compare', '(', 'with', '(', 'last', 'year', 'record', 'net', '(', 'of', '(', 'or', '$_2.4_billion', 'a', 'share', '$_12.76', ')', ')', ')', ')', ')', ')', ')', ')', ')', ')', ')', ')', ')', ')', '</s>']]
INFO:root:[[None, '', '', '', '', '', '', '', '', '', '', '', '', '', '', '', '', '', '', '', '', '', '', '', '', '', '', '', '', '', '', '', '', '', '', '', '', '', '', '', '', '', '', '', '', '', '', '', '', '', '', '', '', '', '', '', '', '', '', None]]
INFO:root:[[None, '', '', '', '', '', '', 'ORGANIZATION', '', '', '', '', '', '', 'NAME', 'NAME', '', '', '', '', '', '', '', '', '', '', '', 'MONEY', '', '', '', '', '', '', '', '', '', '', '', '', '', 'MONEY', '', '', 'MONEY', '', '', '', '', '', '', '', '', '', '', '', '', '', '', None]]
INFO:root:[[None, '', '', '', '', '', '', '', '', '', '', '', '', '', '', '', 'nil', '', '', 'nil', '', '', '', '', '', '', '', 'nil', '', '', '', '', '', '', 'nil', '', '', '', '', '', '', '', '', '', '', '', '', '', '', '', '', '', '', '', '', '', '', '', '', None]]
INFO:root:[[None, '', '', '', '', 'dcl', '', '', '', '', '', '', '', '', '', '', '', '', '', '', '', '', '', '', '', '', '', '', '', '', '', '', '', '', '', '', '', '', '', '', '', '', '', '', '', '', '', '', '', '', '', '', '', '', '', '', '', '', '', None]]
INFO:root:[[None, '', '', '', 'sg', '', '', 'sg', '', '', '', '', '', '', 'sg', 'sg', 'pl', '', '', 'pl', '', '', '', '', '', 'sg', '', '', '', '', '', '', '', '', 'sg', '', 'sg', '', '', '', '', '', '', 'sg', '', '', '', '', '', '', '', '', '', '', '', '', '', '', '', None]]
INFO:root:[[None, '', '', '', '', '', '', '', '', '', '', '', '', '', '', '', '', '', '', '', '', '', '', '', '', '', '', '', '', '', '', '', '', '', '', '', '', '', '', '', '', '', '', '', '', '', '', '', '', '', '', '', '', '', '', '', '', '', '', None]]
INFO:root:[[None, '', '', '', '', 'past', '', '', 'pres', '', '', '', '', '', '', '', '', '', '', '', '', '', '', '', '', '', '', '', '', '', '', '', '', '', '', '', '', '', '', '', '', '', '', '', '', '', '', '', '', '', '', '', '', '', '', '', '', '', '', None]]
INFO:root:[[None, '', '', '0', '1', '2', '', '0', '2', '', '2', '', '1', '', '0', '0', '3', '', '0', '1', '2', '', '2', '', '1', '0', '0', '4', '', '2', '', '1', '', '0', '1', '0', '3', '', '1', '', '2', '0', '1', '0', '1', '', '', '', '', '', '', '', '', '', '', '', '', '', '', None]]
INFO:root:[[None, '', '', '0', '0', '2', '', '0', '2', '', '2', '', '1', '', '0', '0', '0', '', '0', '0', '2', '', '2', '', '1', '0', '0', '0', '', '2', '', '1', '', '0', '0', '0', '0', '', '1', '', '0', '0', '1', '0', '0', '', '', '', '', '', '', '', '', '', '', '', '', '', '', None]]
INFO:root:[[None, '', '', 'Det', 'Arg0', '', '', 'Arg0', 'Arg1', '', 'Arg1', '', 'Arg1', '', 'Mod', 'Mod', 'Arg1', '', 'Mod', 'Arg0', 'Arg', '', 'Arg1', '', 'Mod', 'Arg1', 'Mod', 'Arg2', '', 'ApposRel', '', 'Arg2', '', 'Mod', 'GenOwn', 'Mod', 'Arg1', '', 'Mod', '', 'Arg1', 'First', 'Mod', 'Arg1', 'Next', '', '', '', '', '', '', '', '', '', '', '', '', '', '', None]]
INFO:root:[[None, '', '', '', '', '', '', 'Arg0', '', '', '', '', '', '', '', '', '', '', '', 'Arg1', '', '', '', '', '', '', '', 'Arg1', '', 'ArgM', '', '', '', '', '', '', '', '', '', '', '', '', '', '', '', '', '', '', '', '', '', '', '', '', '', '', '', '', '', None]]
INFO:root:[[None, '', '', '', '', '', '', '', '', '', '', '', '', '', '', '', '', '', '', '', '', '', '', '', '', '', '', '', '', '', '', '', '', '', '', '', '', '', '', '', '', '', '', '', '', '', '', '', '', '', '', '', '', '', '', '', '', '', '', None]]
INFO:root:[[None, '', '', '', '', '', '', '', '', '', '', '', '', '', '', '', '', '', '', '', '', '', '', '', '', '', '', '', '', '', '', '', '', '', '', '', '', '', '', '', '', '', '', '', '', '', '', '', '', '', '', '', '', '', '', '', '', '', '', None]]
INFO:root:[[None, '', '', '', '', '', '', '', '', '', '', '', '', '', '', '', '', '', '', '', '', '', '', '', '', '', '', '', '', '', '', '', '', '', '', '', '', '', '', '', '', '', '', '', '', '', '', '', '', '', '', '', '', '', '', '', '', '', '', None]]
INFO:root:[[None, '', '', '', '', 'Arg0', '', '', 'Arg0', '', 'Arg0', '', 'Arg1', '', '', '', '', '', '', '', 'Arg0', '', 'Arg1', '', 'Arg1', '', '', '', '', 'Arg1', '', 'Arg1', '', '', '', '', '', '', 'Arg1', '', '', '', 'Arg1', '', '', '', '', '', '', '', '', '', '', '', '', '', '', '', '', None]]
INFO:root:[[None, '', '', '', '', 'Arg1', '', '', 'Arg1', '', 'Arg1', '', '', '', '', '', '', '', '', '', 'Arg1', '', 'Arg2', '', '', '', '', '', '', 'Arg2', '', '', '', '', '', '', '', '', '', '', '', '', '', '', '', '', '', '', '', '', '', '', '', '', '', '', '', '', '', None]]
INFO:root:[[None, '', '', '', '', '', '', '', '', '', '', '', '', '', '', '', '', '', '', '', '', '', '', '', '', '', '', '', '', '', '', '', '', '', '', '', '', '', '', '', '', '', '', '', '', '', '', '', '', '', '', '', '', '', '', '', '', '', '', None]]
INFO:root:[[None, '', '', '', '', '', '', '', '', '', '', '', '', '', '', '', '', '', '', '', '', '', '', '', '', '', '', '', '', '', '', '', '', '', '', '', '', '', '', '', '', '', '', '', '', '', '', '', '', '', '', '', '', '', '', '', '', '', '', None]]
INFO:root:[[None, '', '', '', '', '', '', '', '', '', '', '', '', '', '', '', '', '', '', '', '', '', '', '', '', '', '', '', '', '', '', '', '', '', '', '', '', '', '', '', '', '', '', '', '', '', '', '', '', '', '', '', '', '', '', '', '', '', '"', None]]
INFO:root:x shape: (1, 180, 19)
INFO:root:num_tokens: [60]
INFO:root:weights: [0. 1. 0. 1. 1. 1. 0. 1. 1. 0. 1. 0. 1. 0. 1. 1. 1. 0. 1. 1. 1. 0. 1. 0.
 1.]
INFO:TAGGERFLOWSERVER/1234:goodbye ('127.0.0.1', 51706)
INFO:TAGGERFLOWSERVER/1234:accepted ('127.0.0.1', 51708) with fd 5
INFO:TAGGERFLOWSERVER/1234:welcome ('127.0.0.1', 51708)
INFO:root:Feature order: ['PN', 'hypertag', 'XC', 'ZD', 'ZM', 'ZN', 'ZP', 'ZT', 'FO', 'NA', 'PR0', 'PR1', 'PR2', 'PR3', 'PR4', 'AT0', 'AT1', 'AT2', 'AT3', 'AT4']
INFO:root:[['<s>', '"(', '(', 'a', 'spokeswoman', 'say', '(', 'Dow', 'be', '(', 'comfortable', '(', 'with', '(', 'Street', 'Wall', 'expectation', '(', 'full-year', 'earnings', 'will', '(', 'total', '(', 'a', 'share', 'about', '$_14.60', '(', 'compare', '(', 'with', '(', 'last', 'year', 'record', 'net', '(', 'of', '(', 'or', '$_2.4_billion', 'a', 'share', '$_12.76', ')', ')', ')', ')', ')', ')', ')', ')', ')', ')', ')', ')', ')', ')', '</s>']]
INFO:root:[[None, '', '', '', '', '', '', '', '', '', '', '', '', '', '', '', '', '', '', '', '', '', '', '', '', '', '', '', '', '', '', '', '', '', '', '', '', '', '', '', '', '', '', '', '', '', '', '', '', '', '', '', '', '', '', '', '', '', '', None]]
INFO:root:[[None, '', '', '', '', '', '', 'ORGANIZATION', '', '', '', '', '', '', 'NAME', 'NAME', '', '', '', '', '', '', '', '', '', '', '', 'MONEY', '', '', '', '', '', '', '', '', '', '', '', '', '', 'MONEY', '', '', 'MONEY', '', '', '', '', '', '', '', '', '', '', '', '', '', '', None]]
INFO:root:[[None, '', '', '', '', '', '', '', '', '', '', '', '', '', '', '', 'nil', '', '', 'nil', '', '', '', '', '', '', '', 'nil', '', '', '', '', '', '', 'nil', '', '', '', '', '', '', '', '', '', '', '', '', '', '', '', '', '', '', '', '', '', '', '', '', None]]
INFO:root:[[None, '', '', '', '', 'dcl', '', '', '', '', '', '', '', '', '', '', '', '', '', '', '', '', '', '', '', '', '', '', '', '', '', '', '', '', '', '', '', '', '', '', '', '', '', '', '', '', '', '', '', '', '', '', '', '', '', '', '', '', '', None]]
INFO:root:[[None, '', '', '', 'sg', '', '', 'sg', '', '', '', '', '', '', 'sg', 'sg', 'pl', '', '', 'pl', '', '', '', '', '', 'sg', '', '', '', '', '', '', '', '', 'sg', '', 'sg', '', '', '', '', '', '', 'sg', '', '', '', '', '', '', '', '', '', '', '', '', '', '', '', None]]
INFO:root:[[None, '', '', '', '', '', '', '', '', '', '', '', '', '', '', '', '', '', '', '', '', '', '', '', '', '', '', '', '', '', '', '', '', '', '', '', '', '', '', '', '', '', '', '', '', '', '', '', '', '', '', '', '', '', '', '', '', '', '', None]]
INFO:root:[[None, '', '', '', '', 'past', '', '', 'pres', '', '', '', '', '', '', '', '', '', '', '', '', '', '', '', '', '', '', '', '', '', '', '', '', '', '', '', '', '', '', '', '', '', '', '', '', '', '', '', '', '', '', '', '', '', '', '', '', '', '', None]]
INFO:root:[[None, '', '', '0', '1', '2', '', '0', '2', '', '2', '', '1', '', '0', '0', '3', '', '0', '1', '2', '', '2', '', '1', '0', '0', '4', '', '2', '', '1', '', '0', '1', '0', '3', '', '1', '', '2', '0', '1', '0', '1', '', '', '', '', '', '', '', '', '', '', '', '', '', '', None]]
INFO:root:[[None, '', '', '0', '0', '2', '', '0', '2', '', '2', '', '1', '', '0', '0', '0', '', '0', '0', '2', '', '2', '', '1', '0', '0', '0', '', '2', '', '1', '', '0', '0', '0', '0', '', '1', '', '0', '0', '1', '0', '0', '', '', '', '', '', '', '', '', '', '', '', '', '', '', None]]
INFO:root:[[None, '', '', 'Det', 'Arg0', '', '', 'Arg0', 'Arg1', '', 'Arg1', '', 'Arg1', '', 'Mod', 'Mod', 'Arg1', '', 'Mod', 'Arg0', 'Arg', '', 'Arg1', '', 'Mod', 'Arg1', 'Mod', 'Arg2', '', 'ApposRel', '', 'Arg2', '', 'Mod', 'GenOwn', 'Mod', 'Arg1', '', 'Mod', '', 'Arg1', 'First', 'Mod', 'Arg1', 'Next', '', '', '', '', '', '', '', '', '', '', '', '', '', '', None]]
INFO:root:[[None, '', '', '', '', '', '', 'Arg0', '', '', '', '', '', '', '', '', '', '', '', 'Arg1', '', '', '', '', '', '', '', 'Arg1', '', 'ArgM', '', '', '', '', '', '', '', '', '', '', '', '', '', '', '', '', '', '', '', '', '', '', '', '', '', '', '', '', '', None]]
INFO:root:[[None, '', '', '', '', '', '', '', '', '', '', '', '', '', '', '', '', '', '', '', '', '', '', '', '', '', '', '', '', '', '', '', '', '', '', '', '', '', '', '', '', '', '', '', '', '', '', '', '', '', '', '', '', '', '', '', '', '', '', None]]
INFO:root:[[None, '', '', '', '', '', '', '', '', '', '', '', '', '', '', '', '', '', '', '', '', '', '', '', '', '', '', '', '', '', '', '', '', '', '', '', '', '', '', '', '', '', '', '', '', '', '', '', '', '', '', '', '', '', '', '', '', '', '', None]]
INFO:root:[[None, '', '', '', '', '', '', '', '', '', '', '', '', '', '', '', '', '', '', '', '', '', '', '', '', '', '', '', '', '', '', '', '', '', '', '', '', '', '', '', '', '', '', '', '', '', '', '', '', '', '', '', '', '', '', '', '', '', '', None]]
INFO:root:[[None, '', '', '', '', 'Arg0', '', '', 'Arg0', '', 'Arg0', '', 'Arg1', '', '', '', '', '', '', '', 'Arg0', '', 'Arg1', '', 'Arg1', '', '', '', '', 'Arg1', '', 'Arg1', '', '', '', '', '', '', 'Arg1', '', '', '', 'Arg1', '', '', '', '', '', '', '', '', '', '', '', '', '', '', '', '', None]]
INFO:root:[[None, '', '', '', '', 'Arg1', '', '', 'Arg1', '', 'Arg1', '', '', '', '', '', '', '', '', '', 'Arg1', '', 'Arg2', '', '', '', '', '', '', 'Arg2', '', '', '', '', '', '', '', '', '', '', '', '', '', '', '', '', '', '', '', '', '', '', '', '', '', '', '', '', '', None]]
INFO:root:[[None, '', '', '', '', '', '', '', '', '', '', '', '', '', '', '', '', '', '', '', '', '', '', '', '', '', '', '', '', '', '', '', '', '', '', '', '', '', '', '', '', '', '', '', '', '', '', '', '', '', '', '', '', '', '', '', '', '', '', None]]
INFO:root:[[None, '', '', '', '', '', '', '', '', '', '', '', '', '', '', '', '', '', '', '', '', '', '', '', '', '', '', '', '', '', '', '', '', '', '', '', '', '', '', '', '', '', '', '', '', '', '', '', '', '', '', '', '', '', '', '', '', '', '', None]]
INFO:root:[[None, '', '', '', '', '', '', '', '', '', '', '', '', '', '', '', '', '', '', '', '', '', '', '', '', '', '', '', '', '', '', '', '', '', '', '', '', '', '', '', '', '', '', '', '', '', '', '', '', '', '', '', '', '', '', '', '', '', '"', None]]
INFO:root:x shape: (1, 180, 19)
INFO:root:num_tokens: [60]
INFO:root:weights: [0. 1. 0. 1. 1. 1. 0. 1. 1. 0. 1. 0. 1. 0. 1. 1. 1. 0. 1. 1. 1. 0. 1. 0.
 1.]
INFO:TAGGERFLOWSERVER/1234:goodbye ('127.0.0.1', 51708)
INFO:TAGGERFLOWSERVER/1234:accepted ('127.0.0.1', 51710) with fd 5
INFO:TAGGERFLOWSERVER/1234:welcome ('127.0.0.1', 51710)
INFO:root:Feature order: ['PN', 'hypertag', 'XC', 'ZD', 'ZM', 'ZN', 'ZP', 'ZT', 'FO', 'NA', 'PR0', 'PR1', 'PR2', 'PR3', 'PR4', 'AT0', 'AT1', 'AT2', 'AT3', 'AT4']
INFO:root:[['<s>', '"(', '(', 'a', 'spokeswoman', 'say', '(', 'Dow', 'be', '(', 'comfortable', '(', 'with', '(', 'Street', 'Wall', 'expectation', '(', 'full-year', 'earnings', 'will', '(', 'total', '(', 'a', 'share', 'about', '$_14.60', '(', 'compare', '(', 'with', '(', 'last', 'year', 'record', 'net', '(', 'of', '(', 'or', '$_2.4_billion', 'a', 'share', '$_12.76', ')', ')', ')', ')', ')', ')', ')', ')', ')', ')', ')', ')', ')', ')', '</s>']]
INFO:root:[[None, '', '', '', '', '', '', '', '', '', '', '', '', '', '', '', '', '', '', '', '', '', '', '', '', '', '', '', '', '', '', '', '', '', '', '', '', '', '', '', '', '', '', '', '', '', '', '', '', '', '', '', '', '', '', '', '', '', '', None]]
INFO:root:[[None, '', '', '', '', '', '', 'ORGANIZATION', '', '', '', '', '', '', 'NAME', 'NAME', '', '', '', '', '', '', '', '', '', '', '', 'MONEY', '', '', '', '', '', '', '', '', '', '', '', '', '', 'MONEY', '', '', 'MONEY', '', '', '', '', '', '', '', '', '', '', '', '', '', '', None]]
INFO:root:[[None, '', '', '', '', '', '', '', '', '', '', '', '', '', '', '', 'nil', '', '', 'nil', '', '', '', '', '', '', '', 'nil', '', '', '', '', '', '', 'nil', '', '', '', '', '', '', '', '', '', '', '', '', '', '', '', '', '', '', '', '', '', '', '', '', None]]
INFO:root:[[None, '', '', '', '', 'dcl', '', '', '', '', '', '', '', '', '', '', '', '', '', '', '', '', '', '', '', '', '', '', '', '', '', '', '', '', '', '', '', '', '', '', '', '', '', '', '', '', '', '', '', '', '', '', '', '', '', '', '', '', '', None]]
INFO:root:[[None, '', '', '', 'sg', '', '', 'sg', '', '', '', '', '', '', 'sg', 'sg', 'pl', '', '', 'pl', '', '', '', '', '', 'sg', '', '', '', '', '', '', '', '', 'sg', '', 'sg', '', '', '', '', '', '', 'sg', '', '', '', '', '', '', '', '', '', '', '', '', '', '', '', None]]
INFO:root:[[None, '', '', '', '', '', '', '', '', '', '', '', '', '', '', '', '', '', '', '', '', '', '', '', '', '', '', '', '', '', '', '', '', '', '', '', '', '', '', '', '', '', '', '', '', '', '', '', '', '', '', '', '', '', '', '', '', '', '', None]]
INFO:root:[[None, '', '', '', '', 'past', '', '', 'pres', '', '', '', '', '', '', '', '', '', '', '', '', '', '', '', '', '', '', '', '', '', '', '', '', '', '', '', '', '', '', '', '', '', '', '', '', '', '', '', '', '', '', '', '', '', '', '', '', '', '', None]]
INFO:root:[[None, '', '', '0', '1', '2', '', '0', '2', '', '2', '', '1', '', '0', '0', '3', '', '0', '1', '2', '', '2', '', '1', '0', '0', '4', '', '2', '', '1', '', '0', '1', '0', '3', '', '1', '', '2', '0', '1', '0', '1', '', '', '', '', '', '', '', '', '', '', '', '', '', '', None]]
INFO:root:[[None, '', '', '0', '0', '2', '', '0', '2', '', '2', '', '1', '', '0', '0', '0', '', '0', '0', '2', '', '2', '', '1', '0', '0', '0', '', '2', '', '1', '', '0', '0', '0', '0', '', '1', '', '0', '0', '1', '0', '0', '', '', '', '', '', '', '', '', '', '', '', '', '', '', None]]
INFO:root:[[None, '', '', 'Det', 'Arg0', '', '', 'Arg0', 'Arg1', '', 'Arg1', '', 'Arg1', '', 'Mod', 'Mod', 'Arg1', '', 'Mod', 'Arg0', 'Arg', '', 'Arg1', '', 'Mod', 'Arg1', 'Mod', 'Arg2', '', 'ApposRel', '', 'Arg2', '', 'Mod', 'GenOwn', 'Mod', 'Arg1', '', 'Mod', '', 'Arg1', 'First', 'Mod', 'Arg1', 'Next', '', '', '', '', '', '', '', '', '', '', '', '', '', '', None]]
INFO:root:[[None, '', '', '', '', '', '', 'Arg0', '', '', '', '', '', '', '', '', '', '', '', 'Arg1', '', '', '', '', '', '', '', 'Arg1', '', 'ArgM', '', '', '', '', '', '', '', '', '', '', '', '', '', '', '', '', '', '', '', '', '', '', '', '', '', '', '', '', '', None]]
INFO:root:[[None, '', '', '', '', '', '', '', '', '', '', '', '', '', '', '', '', '', '', '', '', '', '', '', '', '', '', '', '', '', '', '', '', '', '', '', '', '', '', '', '', '', '', '', '', '', '', '', '', '', '', '', '', '', '', '', '', '', '', None]]
INFO:root:[[None, '', '', '', '', '', '', '', '', '', '', '', '', '', '', '', '', '', '', '', '', '', '', '', '', '', '', '', '', '', '', '', '', '', '', '', '', '', '', '', '', '', '', '', '', '', '', '', '', '', '', '', '', '', '', '', '', '', '', None]]
INFO:root:[[None, '', '', '', '', '', '', '', '', '', '', '', '', '', '', '', '', '', '', '', '', '', '', '', '', '', '', '', '', '', '', '', '', '', '', '', '', '', '', '', '', '', '', '', '', '', '', '', '', '', '', '', '', '', '', '', '', '', '', None]]
INFO:root:[[None, '', '', '', '', 'Arg0', '', '', 'Arg0', '', 'Arg0', '', 'Arg1', '', '', '', '', '', '', '', 'Arg0', '', 'Arg1', '', 'Arg1', '', '', '', '', 'Arg1', '', 'Arg1', '', '', '', '', '', '', 'Arg1', '', '', '', 'Arg1', '', '', '', '', '', '', '', '', '', '', '', '', '', '', '', '', None]]
INFO:root:[[None, '', '', '', '', 'Arg1', '', '', 'Arg1', '', 'Arg1', '', '', '', '', '', '', '', '', '', 'Arg1', '', 'Arg2', '', '', '', '', '', '', 'Arg2', '', '', '', '', '', '', '', '', '', '', '', '', '', '', '', '', '', '', '', '', '', '', '', '', '', '', '', '', '', None]]
INFO:root:[[None, '', '', '', '', '', '', '', '', '', '', '', '', '', '', '', '', '', '', '', '', '', '', '', '', '', '', '', '', '', '', '', '', '', '', '', '', '', '', '', '', '', '', '', '', '', '', '', '', '', '', '', '', '', '', '', '', '', '', None]]
INFO:root:[[None, '', '', '', '', '', '', '', '', '', '', '', '', '', '', '', '', '', '', '', '', '', '', '', '', '', '', '', '', '', '', '', '', '', '', '', '', '', '', '', '', '', '', '', '', '', '', '', '', '', '', '', '', '', '', '', '', '', '', None]]
INFO:root:[[None, '', '', '', '', '', '', '', '', '', '', '', '', '', '', '', '', '', '', '', '', '', '', '', '', '', '', '', '', '', '', '', '', '', '', '', '', '', '', '', '', '', '', '', '', '', '', '', '', '', '', '', '', '', '', '', '', '', '"', None]]
INFO:root:x shape: (1, 180, 19)
INFO:root:num_tokens: [60]
INFO:root:weights: [0. 1. 0. 1. 1. 1. 0. 1. 1. 0. 1. 0. 1. 0. 1. 1. 1. 0. 1. 1. 1. 0. 1. 0.
 1.]
INFO:TAGGERFLOWSERVER/1234:goodbye ('127.0.0.1', 51710)
INFO:TAGGERFLOWSERVER/1234:accepted ('127.0.0.1', 51712) with fd 5
INFO:TAGGERFLOWSERVER/1234:welcome ('127.0.0.1', 51712)
INFO:root:Feature order: ['PN', 'hypertag', 'XC', 'ZD', 'ZM', 'ZN', 'ZP', 'ZT', 'FO', 'NA', 'PR0', 'PR1', 'PR2', 'PR3', 'PR4', 'AT0', 'AT1', 'AT2', 'AT3', 'AT4']
INFO:root:[['<s>', '"(', '(', 'a', 'spokeswoman', 'say', '(', 'Dow', 'be', '(', 'comfortable', '(', 'with', '(', 'Street', 'Wall', 'expectation', '(', 'full-year', 'earnings', 'will', '(', 'total', '(', 'a', 'share', 'about', '$_14.60', '(', 'compare', '(', 'with', '(', 'last', 'year', 'record', 'net', '(', 'of', '(', 'or', '$_2.4_billion', 'a', 'share', '$_12.76', ')', ')', ')', ')', ')', ')', ')', ')', ')', ')', ')', ')', ')', ')', '</s>']]
INFO:root:[[None, '', '', '', '', '', '', '', '', '', '', '', '', '', '', '', '', '', '', '', '', '', '', '', '', '', '', '', '', '', '', '', '', '', '', '', '', '', '', '', '', '', '', '', '', '', '', '', '', '', '', '', '', '', '', '', '', '', '', None]]
INFO:root:[[None, '', '', '', '', '', '', 'ORGANIZATION', '', '', '', '', '', '', 'NAME', 'NAME', '', '', '', '', '', '', '', '', '', '', '', 'MONEY', '', '', '', '', '', '', '', '', '', '', '', '', '', 'MONEY', '', '', 'MONEY', '', '', '', '', '', '', '', '', '', '', '', '', '', '', None]]
INFO:root:[[None, '', '', '', '', '', '', '', '', '', '', '', '', '', '', '', 'nil', '', '', 'nil', '', '', '', '', '', '', '', 'nil', '', '', '', '', '', '', 'nil', '', '', '', '', '', '', '', '', '', '', '', '', '', '', '', '', '', '', '', '', '', '', '', '', None]]
INFO:root:[[None, '', '', '', '', 'dcl', '', '', '', '', '', '', '', '', '', '', '', '', '', '', '', '', '', '', '', '', '', '', '', '', '', '', '', '', '', '', '', '', '', '', '', '', '', '', '', '', '', '', '', '', '', '', '', '', '', '', '', '', '', None]]
INFO:root:[[None, '', '', '', 'sg', '', '', 'sg', '', '', '', '', '', '', 'sg', 'sg', 'pl', '', '', 'pl', '', '', '', '', '', 'sg', '', '', '', '', '', '', '', '', 'sg', '', 'sg', '', '', '', '', '', '', 'sg', '', '', '', '', '', '', '', '', '', '', '', '', '', '', '', None]]
INFO:root:[[None, '', '', '', '', '', '', '', '', '', '', '', '', '', '', '', '', '', '', '', '', '', '', '', '', '', '', '', '', '', '', '', '', '', '', '', '', '', '', '', '', '', '', '', '', '', '', '', '', '', '', '', '', '', '', '', '', '', '', None]]
INFO:root:[[None, '', '', '', '', 'past', '', '', 'pres', '', '', '', '', '', '', '', '', '', '', '', '', '', '', '', '', '', '', '', '', '', '', '', '', '', '', '', '', '', '', '', '', '', '', '', '', '', '', '', '', '', '', '', '', '', '', '', '', '', '', None]]
INFO:root:[[None, '', '', '0', '1', '2', '', '0', '2', '', '2', '', '1', '', '0', '0', '3', '', '0', '1', '2', '', '2', '', '1', '0', '0', '4', '', '2', '', '1', '', '0', '1', '0', '3', '', '1', '', '2', '0', '1', '0', '1', '', '', '', '', '', '', '', '', '', '', '', '', '', '', None]]
INFO:root:[[None, '', '', '0', '0', '2', '', '0', '2', '', '2', '', '1', '', '0', '0', '0', '', '0', '0', '2', '', '2', '', '1', '0', '0', '0', '', '2', '', '1', '', '0', '0', '0', '0', '', '1', '', '0', '0', '1', '0', '0', '', '', '', '', '', '', '', '', '', '', '', '', '', '', None]]
INFO:root:[[None, '', '', 'Det', 'Arg0', '', '', 'Arg0', 'Arg1', '', 'Arg1', '', 'Arg1', '', 'Mod', 'Mod', 'Arg1', '', 'Mod', 'Arg0', 'Arg', '', 'Arg1', '', 'Mod', 'Arg1', 'Mod', 'Arg2', '', 'ApposRel', '', 'Arg2', '', 'Mod', 'GenOwn', 'Mod', 'Arg1', '', 'Mod', '', 'Arg1', 'First', 'Mod', 'Arg1', 'Next', '', '', '', '', '', '', '', '', '', '', '', '', '', '', None]]
INFO:root:[[None, '', '', '', '', '', '', 'Arg0', '', '', '', '', '', '', '', '', '', '', '', 'Arg1', '', '', '', '', '', '', '', 'Arg1', '', 'ArgM', '', '', '', '', '', '', '', '', '', '', '', '', '', '', '', '', '', '', '', '', '', '', '', '', '', '', '', '', '', None]]
INFO:root:[[None, '', '', '', '', '', '', '', '', '', '', '', '', '', '', '', '', '', '', '', '', '', '', '', '', '', '', '', '', '', '', '', '', '', '', '', '', '', '', '', '', '', '', '', '', '', '', '', '', '', '', '', '', '', '', '', '', '', '', None]]
INFO:root:[[None, '', '', '', '', '', '', '', '', '', '', '', '', '', '', '', '', '', '', '', '', '', '', '', '', '', '', '', '', '', '', '', '', '', '', '', '', '', '', '', '', '', '', '', '', '', '', '', '', '', '', '', '', '', '', '', '', '', '', None]]
INFO:root:[[None, '', '', '', '', '', '', '', '', '', '', '', '', '', '', '', '', '', '', '', '', '', '', '', '', '', '', '', '', '', '', '', '', '', '', '', '', '', '', '', '', '', '', '', '', '', '', '', '', '', '', '', '', '', '', '', '', '', '', None]]
INFO:root:[[None, '', '', '', '', 'Arg0', '', '', 'Arg0', '', 'Arg0', '', 'Arg1', '', '', '', '', '', '', '', 'Arg0', '', 'Arg1', '', 'Arg1', '', '', '', '', 'Arg1', '', 'Arg1', '', '', '', '', '', '', 'Arg1', '', '', '', 'Arg1', '', '', '', '', '', '', '', '', '', '', '', '', '', '', '', '', None]]
INFO:root:[[None, '', '', '', '', 'Arg1', '', '', 'Arg1', '', 'Arg1', '', '', '', '', '', '', '', '', '', 'Arg1', '', 'Arg2', '', '', '', '', '', '', 'Arg2', '', '', '', '', '', '', '', '', '', '', '', '', '', '', '', '', '', '', '', '', '', '', '', '', '', '', '', '', '', None]]
INFO:root:[[None, '', '', '', '', '', '', '', '', '', '', '', '', '', '', '', '', '', '', '', '', '', '', '', '', '', '', '', '', '', '', '', '', '', '', '', '', '', '', '', '', '', '', '', '', '', '', '', '', '', '', '', '', '', '', '', '', '', '', None]]
INFO:root:[[None, '', '', '', '', '', '', '', '', '', '', '', '', '', '', '', '', '', '', '', '', '', '', '', '', '', '', '', '', '', '', '', '', '', '', '', '', '', '', '', '', '', '', '', '', '', '', '', '', '', '', '', '', '', '', '', '', '', '', None]]
INFO:root:[[None, '', '', '', '', '', '', '', '', '', '', '', '', '', '', '', '', '', '', '', '', '', '', '', '', '', '', '', '', '', '', '', '', '', '', '', '', '', '', '', '', '', '', '', '', '', '', '', '', '', '', '', '', '', '', '', '', '', '"', None]]
INFO:root:x shape: (1, 180, 19)
INFO:root:num_tokens: [60]
INFO:root:weights: [0. 1. 0. 1. 1. 1. 0. 1. 1. 0. 1. 0. 1. 0. 1. 1. 1. 0. 1. 1. 1. 0. 1. 0.
 1.]
INFO:TAGGERFLOWSERVER/1234:goodbye ('127.0.0.1', 51712)
INFO:TAGGERFLOWSERVER/1234:accepted ('127.0.0.1', 51714) with fd 5
INFO:TAGGERFLOWSERVER/1234:welcome ('127.0.0.1', 51714)
INFO:root:Feature order: ['PN', 'hypertag', 'XC', 'ZD', 'ZM', 'ZN', 'ZP', 'ZT', 'FO', 'NA', 'PR0', 'PR1', 'PR2', 'PR3', 'PR4', 'AT0', 'AT1', 'AT2', 'AT3', 'AT4']
INFO:root:[['<s>', '"(', '(', 'a', 'spokeswoman', 'say', '(', 'Dow', 'be', '(', 'comfortable', '(', 'with', '(', 'Street', 'Wall', 'expectation', '(', 'full-year', 'earnings', 'will', '(', 'total', '(', 'a', 'share', 'about', '$_14.60', '(', 'compare', '(', 'with', '(', 'last', 'year', 'record', 'net', '(', 'of', '(', 'or', '$_2.4_billion', 'a', 'share', '$_12.76', ')', ')', ')', ')', ')', ')', ')', ')', ')', ')', ')', ')', ')', ')', '</s>']]
INFO:root:[[None, '', '', '', '', '', '', '', '', '', '', '', '', '', '', '', '', '', '', '', '', '', '', '', '', '', '', '', '', '', '', '', '', '', '', '', '', '', '', '', '', '', '', '', '', '', '', '', '', '', '', '', '', '', '', '', '', '', '', None]]
INFO:root:[[None, '', '', '', '', '', '', 'ORGANIZATION', '', '', '', '', '', '', 'NAME', 'NAME', '', '', '', '', '', '', '', '', '', '', '', 'MONEY', '', '', '', '', '', '', '', '', '', '', '', '', '', 'MONEY', '', '', 'MONEY', '', '', '', '', '', '', '', '', '', '', '', '', '', '', None]]
INFO:root:[[None, '', '', '', '', '', '', '', '', '', '', '', '', '', '', '', 'nil', '', '', 'nil', '', '', '', '', '', '', '', 'nil', '', '', '', '', '', '', 'nil', '', '', '', '', '', '', '', '', '', '', '', '', '', '', '', '', '', '', '', '', '', '', '', '', None]]
INFO:root:[[None, '', '', '', '', 'dcl', '', '', '', '', '', '', '', '', '', '', '', '', '', '', '', '', '', '', '', '', '', '', '', '', '', '', '', '', '', '', '', '', '', '', '', '', '', '', '', '', '', '', '', '', '', '', '', '', '', '', '', '', '', None]]
INFO:root:[[None, '', '', '', 'sg', '', '', 'sg', '', '', '', '', '', '', 'sg', 'sg', 'pl', '', '', 'pl', '', '', '', '', '', 'sg', '', '', '', '', '', '', '', '', 'sg', '', 'sg', '', '', '', '', '', '', 'sg', '', '', '', '', '', '', '', '', '', '', '', '', '', '', '', None]]
INFO:root:[[None, '', '', '', '', '', '', '', '', '', '', '', '', '', '', '', '', '', '', '', '', '', '', '', '', '', '', '', '', '', '', '', '', '', '', '', '', '', '', '', '', '', '', '', '', '', '', '', '', '', '', '', '', '', '', '', '', '', '', None]]
INFO:root:[[None, '', '', '', '', 'past', '', '', 'pres', '', '', '', '', '', '', '', '', '', '', '', '', '', '', '', '', '', '', '', '', '', '', '', '', '', '', '', '', '', '', '', '', '', '', '', '', '', '', '', '', '', '', '', '', '', '', '', '', '', '', None]]
INFO:root:[[None, '', '', '0', '1', '2', '', '0', '2', '', '2', '', '1', '', '0', '0', '3', '', '0', '1', '2', '', '2', '', '1', '0', '0', '4', '', '2', '', '1', '', '0', '1', '0', '3', '', '1', '', '2', '0', '1', '0', '1', '', '', '', '', '', '', '', '', '', '', '', '', '', '', None]]
INFO:root:[[None, '', '', '0', '0', '2', '', '0', '2', '', '2', '', '1', '', '0', '0', '0', '', '0', '0', '2', '', '2', '', '1', '0', '0', '0', '', '2', '', '1', '', '0', '0', '0', '0', '', '1', '', '0', '0', '1', '0', '0', '', '', '', '', '', '', '', '', '', '', '', '', '', '', None]]
INFO:root:[[None, '', '', 'Det', 'Arg0', '', '', 'Arg0', 'Arg1', '', 'Arg1', '', 'Arg1', '', 'Mod', 'Mod', 'Arg1', '', 'Mod', 'Arg0', 'Arg', '', 'Arg1', '', 'Mod', 'Arg1', 'Mod', 'Arg2', '', 'ApposRel', '', 'Arg2', '', 'Mod', 'GenOwn', 'Mod', 'Arg1', '', 'Mod', '', 'Arg1', 'First', 'Mod', 'Arg1', 'Next', '', '', '', '', '', '', '', '', '', '', '', '', '', '', None]]
INFO:root:[[None, '', '', '', '', '', '', 'Arg0', '', '', '', '', '', '', '', '', '', '', '', 'Arg1', '', '', '', '', '', '', '', 'Arg1', '', 'ArgM', '', '', '', '', '', '', '', '', '', '', '', '', '', '', '', '', '', '', '', '', '', '', '', '', '', '', '', '', '', None]]
INFO:root:[[None, '', '', '', '', '', '', '', '', '', '', '', '', '', '', '', '', '', '', '', '', '', '', '', '', '', '', '', '', '', '', '', '', '', '', '', '', '', '', '', '', '', '', '', '', '', '', '', '', '', '', '', '', '', '', '', '', '', '', None]]
INFO:root:[[None, '', '', '', '', '', '', '', '', '', '', '', '', '', '', '', '', '', '', '', '', '', '', '', '', '', '', '', '', '', '', '', '', '', '', '', '', '', '', '', '', '', '', '', '', '', '', '', '', '', '', '', '', '', '', '', '', '', '', None]]
INFO:root:[[None, '', '', '', '', '', '', '', '', '', '', '', '', '', '', '', '', '', '', '', '', '', '', '', '', '', '', '', '', '', '', '', '', '', '', '', '', '', '', '', '', '', '', '', '', '', '', '', '', '', '', '', '', '', '', '', '', '', '', None]]
INFO:root:[[None, '', '', '', '', 'Arg0', '', '', 'Arg0', '', 'Arg0', '', 'Arg1', '', '', '', '', '', '', '', 'Arg0', '', 'Arg1', '', 'Arg1', '', '', '', '', 'Arg1', '', 'Arg1', '', '', '', '', '', '', 'Arg1', '', '', '', 'Arg1', '', '', '', '', '', '', '', '', '', '', '', '', '', '', '', '', None]]
INFO:root:[[None, '', '', '', '', 'Arg1', '', '', 'Arg1', '', 'Arg1', '', '', '', '', '', '', '', '', '', 'Arg1', '', 'Arg2', '', '', '', '', '', '', 'Arg2', '', '', '', '', '', '', '', '', '', '', '', '', '', '', '', '', '', '', '', '', '', '', '', '', '', '', '', '', '', None]]
INFO:root:[[None, '', '', '', '', '', '', '', '', '', '', '', '', '', '', '', '', '', '', '', '', '', '', '', '', '', '', '', '', '', '', '', '', '', '', '', '', '', '', '', '', '', '', '', '', '', '', '', '', '', '', '', '', '', '', '', '', '', '', None]]
INFO:root:[[None, '', '', '', '', '', '', '', '', '', '', '', '', '', '', '', '', '', '', '', '', '', '', '', '', '', '', '', '', '', '', '', '', '', '', '', '', '', '', '', '', '', '', '', '', '', '', '', '', '', '', '', '', '', '', '', '', '', '', None]]
INFO:root:[[None, '', '', '', '', '', '', '', '', '', '', '', '', '', '', '', '', '', '', '', '', '', '', '', '', '', '', '', '', '', '', '', '', '', '', '', '', '', '', '', '', '', '', '', '', '', '', '', '', '', '', '', '', '', '', '', '', '', '"', None]]
INFO:root:x shape: (1, 180, 19)
INFO:root:num_tokens: [60]
INFO:root:weights: [0. 1. 0. 1. 1. 1. 0. 1. 1. 0. 1. 0. 1. 0. 1. 1. 1. 0. 1. 1. 1. 0. 1. 0.
 1.]
INFO:TAGGERFLOWSERVER/1234:goodbye ('127.0.0.1', 51714)
INFO:TAGGERFLOWSERVER/1234:accepted ('127.0.0.1', 51716) with fd 5
INFO:TAGGERFLOWSERVER/1234:welcome ('127.0.0.1', 51716)
INFO:root:Feature order: ['PN', 'hypertag', 'XC', 'ZD', 'ZM', 'ZN', 'ZP', 'ZT', 'FO', 'NA', 'PR0', 'PR1', 'PR2', 'PR3', 'PR4', 'AT0', 'AT1', 'AT2', 'AT3', 'AT4']
INFO:root:[['<s>', '"(', '(', 'a', 'spokeswoman', 'say', '(', 'Dow', 'be', '(', 'comfortable', '(', 'with', '(', 'Street', 'Wall', 'expectation', '(', 'full-year', 'earnings', 'will', '(', 'total', '(', 'a', 'share', 'about', '$_14.60', '(', 'compare', '(', 'with', '(', 'last', 'year', 'record', 'net', '(', 'of', '(', 'or', '$_2.4_billion', 'a', 'share', '$_12.76', ')', ')', ')', ')', ')', ')', ')', ')', ')', ')', ')', ')', ')', ')', '</s>']]
INFO:root:[[None, '', '', '', '', '', '', '', '', '', '', '', '', '', '', '', '', '', '', '', '', '', '', '', '', '', '', '', '', '', '', '', '', '', '', '', '', '', '', '', '', '', '', '', '', '', '', '', '', '', '', '', '', '', '', '', '', '', '', None]]
INFO:root:[[None, '', '', '', '', '', '', 'ORGANIZATION', '', '', '', '', '', '', 'NAME', 'NAME', '', '', '', '', '', '', '', '', '', '', '', 'MONEY', '', '', '', '', '', '', '', '', '', '', '', '', '', 'MONEY', '', '', 'MONEY', '', '', '', '', '', '', '', '', '', '', '', '', '', '', None]]
INFO:root:[[None, '', '', '', '', '', '', '', '', '', '', '', '', '', '', '', 'nil', '', '', 'nil', '', '', '', '', '', '', '', 'nil', '', '', '', '', '', '', 'nil', '', '', '', '', '', '', '', '', '', '', '', '', '', '', '', '', '', '', '', '', '', '', '', '', None]]
INFO:root:[[None, '', '', '', '', 'dcl', '', '', '', '', '', '', '', '', '', '', '', '', '', '', '', '', '', '', '', '', '', '', '', '', '', '', '', '', '', '', '', '', '', '', '', '', '', '', '', '', '', '', '', '', '', '', '', '', '', '', '', '', '', None]]
INFO:root:[[None, '', '', '', 'sg', '', '', 'sg', '', '', '', '', '', '', 'sg', 'sg', 'pl', '', '', 'pl', '', '', '', '', '', 'sg', '', '', '', '', '', '', '', '', 'sg', '', 'sg', '', '', '', '', '', '', 'sg', '', '', '', '', '', '', '', '', '', '', '', '', '', '', '', None]]
INFO:root:[[None, '', '', '', '', '', '', '', '', '', '', '', '', '', '', '', '', '', '', '', '', '', '', '', '', '', '', '', '', '', '', '', '', '', '', '', '', '', '', '', '', '', '', '', '', '', '', '', '', '', '', '', '', '', '', '', '', '', '', None]]
INFO:root:[[None, '', '', '', '', 'past', '', '', 'pres', '', '', '', '', '', '', '', '', '', '', '', '', '', '', '', '', '', '', '', '', '', '', '', '', '', '', '', '', '', '', '', '', '', '', '', '', '', '', '', '', '', '', '', '', '', '', '', '', '', '', None]]
INFO:root:[[None, '', '', '0', '1', '2', '', '0', '2', '', '2', '', '1', '', '0', '0', '3', '', '0', '1', '2', '', '2', '', '1', '0', '0', '4', '', '2', '', '1', '', '0', '1', '0', '3', '', '1', '', '2', '0', '1', '0', '1', '', '', '', '', '', '', '', '', '', '', '', '', '', '', None]]
INFO:root:[[None, '', '', '0', '0', '2', '', '0', '2', '', '2', '', '1', '', '0', '0', '0', '', '0', '0', '2', '', '2', '', '1', '0', '0', '0', '', '2', '', '1', '', '0', '0', '0', '0', '', '1', '', '0', '0', '1', '0', '0', '', '', '', '', '', '', '', '', '', '', '', '', '', '', None]]
INFO:root:[[None, '', '', 'Det', 'Arg0', '', '', 'Arg0', 'Arg1', '', 'Arg1', '', 'Arg1', '', 'Mod', 'Mod', 'Arg1', '', 'Mod', 'Arg0', 'Arg', '', 'Arg1', '', 'Mod', 'Arg1', 'Mod', 'Arg2', '', 'ApposRel', '', 'Arg2', '', 'Mod', 'GenOwn', 'Mod', 'Arg1', '', 'Mod', '', 'Arg1', 'First', 'Mod', 'Arg1', 'Next', '', '', '', '', '', '', '', '', '', '', '', '', '', '', None]]
INFO:root:[[None, '', '', '', '', '', '', 'Arg0', '', '', '', '', '', '', '', '', '', '', '', 'Arg1', '', '', '', '', '', '', '', 'Arg1', '', 'ArgM', '', '', '', '', '', '', '', '', '', '', '', '', '', '', '', '', '', '', '', '', '', '', '', '', '', '', '', '', '', None]]
INFO:root:[[None, '', '', '', '', '', '', '', '', '', '', '', '', '', '', '', '', '', '', '', '', '', '', '', '', '', '', '', '', '', '', '', '', '', '', '', '', '', '', '', '', '', '', '', '', '', '', '', '', '', '', '', '', '', '', '', '', '', '', None]]
INFO:root:[[None, '', '', '', '', '', '', '', '', '', '', '', '', '', '', '', '', '', '', '', '', '', '', '', '', '', '', '', '', '', '', '', '', '', '', '', '', '', '', '', '', '', '', '', '', '', '', '', '', '', '', '', '', '', '', '', '', '', '', None]]
INFO:root:[[None, '', '', '', '', '', '', '', '', '', '', '', '', '', '', '', '', '', '', '', '', '', '', '', '', '', '', '', '', '', '', '', '', '', '', '', '', '', '', '', '', '', '', '', '', '', '', '', '', '', '', '', '', '', '', '', '', '', '', None]]
INFO:root:[[None, '', '', '', '', 'Arg0', '', '', 'Arg0', '', 'Arg0', '', 'Arg1', '', '', '', '', '', '', '', 'Arg0', '', 'Arg1', '', 'Arg1', '', '', '', '', 'Arg1', '', 'Arg1', '', '', '', '', '', '', 'Arg1', '', '', '', 'Arg1', '', '', '', '', '', '', '', '', '', '', '', '', '', '', '', '', None]]
INFO:root:[[None, '', '', '', '', 'Arg1', '', '', 'Arg1', '', 'Arg1', '', '', '', '', '', '', '', '', '', 'Arg1', '', 'Arg2', '', '', '', '', '', '', 'Arg2', '', '', '', '', '', '', '', '', '', '', '', '', '', '', '', '', '', '', '', '', '', '', '', '', '', '', '', '', '', None]]
INFO:root:[[None, '', '', '', '', '', '', '', '', '', '', '', '', '', '', '', '', '', '', '', '', '', '', '', '', '', '', '', '', '', '', '', '', '', '', '', '', '', '', '', '', '', '', '', '', '', '', '', '', '', '', '', '', '', '', '', '', '', '', None]]
INFO:root:[[None, '', '', '', '', '', '', '', '', '', '', '', '', '', '', '', '', '', '', '', '', '', '', '', '', '', '', '', '', '', '', '', '', '', '', '', '', '', '', '', '', '', '', '', '', '', '', '', '', '', '', '', '', '', '', '', '', '', '', None]]
INFO:root:[[None, '', '', '', '', '', '', '', '', '', '', '', '', '', '', '', '', '', '', '', '', '', '', '', '', '', '', '', '', '', '', '', '', '', '', '', '', '', '', '', '', '', '', '', '', '', '', '', '', '', '', '', '', '', '', '', '', '', '"', None]]
INFO:root:x shape: (1, 180, 19)
INFO:root:num_tokens: [60]
INFO:root:weights: [0. 1. 0. 1. 1. 1. 0. 1. 1. 0. 1. 0. 1. 0. 1. 1. 1. 0. 1. 1. 1. 0. 1. 0.
 1.]
INFO:TAGGERFLOWSERVER/1234:goodbye ('127.0.0.1', 51716)
INFO:TAGGERFLOWSERVER/1234:accepted ('127.0.0.1', 51718) with fd 5
INFO:TAGGERFLOWSERVER/1234:welcome ('127.0.0.1', 51718)
INFO:root:Feature order: ['PN', 'hypertag', 'XC', 'ZD', 'ZM', 'ZN', 'ZP', 'ZT', 'FO', 'NA', 'PR0', 'PR1', 'PR2', 'PR3', 'PR4', 'AT0', 'AT1', 'AT2', 'AT3', 'AT4']
INFO:root:[['<s>', '"(', '(', 'a', 'spokeswoman', 'say', '(', 'Dow', 'be', '(', 'comfortable', '(', 'with', '(', 'Street', 'Wall', 'expectation', '(', 'full-year', 'earnings', 'will', '(', 'total', '(', 'a', 'share', 'about', '$_14.60', '(', 'compare', '(', 'with', '(', 'last', 'year', 'record', 'net', '(', 'of', '(', 'or', '$_2.4_billion', 'a', 'share', '$_12.76', ')', ')', ')', ')', ')', ')', ')', ')', ')', ')', ')', ')', ')', ')', '</s>']]
INFO:root:[[None, '', '', '', '', '', '', '', '', '', '', '', '', '', '', '', '', '', '', '', '', '', '', '', '', '', '', '', '', '', '', '', '', '', '', '', '', '', '', '', '', '', '', '', '', '', '', '', '', '', '', '', '', '', '', '', '', '', '', None]]
INFO:root:[[None, '', '', '', '', '', '', 'ORGANIZATION', '', '', '', '', '', '', 'NAME', 'NAME', '', '', '', '', '', '', '', '', '', '', '', 'MONEY', '', '', '', '', '', '', '', '', '', '', '', '', '', 'MONEY', '', '', 'MONEY', '', '', '', '', '', '', '', '', '', '', '', '', '', '', None]]
INFO:root:[[None, '', '', '', '', '', '', '', '', '', '', '', '', '', '', '', 'nil', '', '', 'nil', '', '', '', '', '', '', '', 'nil', '', '', '', '', '', '', 'nil', '', '', '', '', '', '', '', '', '', '', '', '', '', '', '', '', '', '', '', '', '', '', '', '', None]]
INFO:root:[[None, '', '', '', '', 'dcl', '', '', '', '', '', '', '', '', '', '', '', '', '', '', '', '', '', '', '', '', '', '', '', '', '', '', '', '', '', '', '', '', '', '', '', '', '', '', '', '', '', '', '', '', '', '', '', '', '', '', '', '', '', None]]
INFO:root:[[None, '', '', '', 'sg', '', '', 'sg', '', '', '', '', '', '', 'sg', 'sg', 'pl', '', '', 'pl', '', '', '', '', '', 'sg', '', '', '', '', '', '', '', '', 'sg', '', 'sg', '', '', '', '', '', '', 'sg', '', '', '', '', '', '', '', '', '', '', '', '', '', '', '', None]]
INFO:root:[[None, '', '', '', '', '', '', '', '', '', '', '', '', '', '', '', '', '', '', '', '', '', '', '', '', '', '', '', '', '', '', '', '', '', '', '', '', '', '', '', '', '', '', '', '', '', '', '', '', '', '', '', '', '', '', '', '', '', '', None]]
INFO:root:[[None, '', '', '', '', 'past', '', '', 'pres', '', '', '', '', '', '', '', '', '', '', '', '', '', '', '', '', '', '', '', '', '', '', '', '', '', '', '', '', '', '', '', '', '', '', '', '', '', '', '', '', '', '', '', '', '', '', '', '', '', '', None]]
INFO:root:[[None, '', '', '0', '1', '2', '', '0', '2', '', '2', '', '1', '', '0', '0', '3', '', '0', '1', '2', '', '2', '', '1', '0', '0', '4', '', '2', '', '1', '', '0', '1', '0', '3', '', '1', '', '2', '0', '1', '0', '1', '', '', '', '', '', '', '', '', '', '', '', '', '', '', None]]
INFO:root:[[None, '', '', '0', '0', '2', '', '0', '2', '', '2', '', '1', '', '0', '0', '0', '', '0', '0', '2', '', '2', '', '1', '0', '0', '0', '', '2', '', '1', '', '0', '0', '0', '0', '', '1', '', '0', '0', '1', '0', '0', '', '', '', '', '', '', '', '', '', '', '', '', '', '', None]]
INFO:root:[[None, '', '', 'Det', 'Arg0', '', '', 'Arg0', 'Arg1', '', 'Arg1', '', 'Arg1', '', 'Mod', 'Mod', 'Arg1', '', 'Mod', 'Arg0', 'Arg', '', 'Arg1', '', 'Mod', 'Arg1', 'Mod', 'Arg2', '', 'ApposRel', '', 'Arg2', '', 'Mod', 'GenOwn', 'Mod', 'Arg1', '', 'Mod', '', 'Arg1', 'First', 'Mod', 'Arg1', 'Next', '', '', '', '', '', '', '', '', '', '', '', '', '', '', None]]
INFO:root:[[None, '', '', '', '', '', '', 'Arg0', '', '', '', '', '', '', '', '', '', '', '', 'Arg1', '', '', '', '', '', '', '', 'Arg1', '', 'ArgM', '', '', '', '', '', '', '', '', '', '', '', '', '', '', '', '', '', '', '', '', '', '', '', '', '', '', '', '', '', None]]
INFO:root:[[None, '', '', '', '', '', '', '', '', '', '', '', '', '', '', '', '', '', '', '', '', '', '', '', '', '', '', '', '', '', '', '', '', '', '', '', '', '', '', '', '', '', '', '', '', '', '', '', '', '', '', '', '', '', '', '', '', '', '', None]]
INFO:root:[[None, '', '', '', '', '', '', '', '', '', '', '', '', '', '', '', '', '', '', '', '', '', '', '', '', '', '', '', '', '', '', '', '', '', '', '', '', '', '', '', '', '', '', '', '', '', '', '', '', '', '', '', '', '', '', '', '', '', '', None]]
INFO:root:[[None, '', '', '', '', '', '', '', '', '', '', '', '', '', '', '', '', '', '', '', '', '', '', '', '', '', '', '', '', '', '', '', '', '', '', '', '', '', '', '', '', '', '', '', '', '', '', '', '', '', '', '', '', '', '', '', '', '', '', None]]
INFO:root:[[None, '', '', '', '', 'Arg0', '', '', 'Arg0', '', 'Arg0', '', 'Arg1', '', '', '', '', '', '', '', 'Arg0', '', 'Arg1', '', 'Arg1', '', '', '', '', 'Arg1', '', 'Arg1', '', '', '', '', '', '', 'Arg1', '', '', '', 'Arg1', '', '', '', '', '', '', '', '', '', '', '', '', '', '', '', '', None]]
INFO:root:[[None, '', '', '', '', 'Arg1', '', '', 'Arg1', '', 'Arg1', '', '', '', '', '', '', '', '', '', 'Arg1', '', 'Arg2', '', '', '', '', '', '', 'Arg2', '', '', '', '', '', '', '', '', '', '', '', '', '', '', '', '', '', '', '', '', '', '', '', '', '', '', '', '', '', None]]
INFO:root:[[None, '', '', '', '', '', '', '', '', '', '', '', '', '', '', '', '', '', '', '', '', '', '', '', '', '', '', '', '', '', '', '', '', '', '', '', '', '', '', '', '', '', '', '', '', '', '', '', '', '', '', '', '', '', '', '', '', '', '', None]]
INFO:root:[[None, '', '', '', '', '', '', '', '', '', '', '', '', '', '', '', '', '', '', '', '', '', '', '', '', '', '', '', '', '', '', '', '', '', '', '', '', '', '', '', '', '', '', '', '', '', '', '', '', '', '', '', '', '', '', '', '', '', '', None]]
INFO:root:[[None, '', '', '', '', '', '', '', '', '', '', '', '', '', '', '', '', '', '', '', '', '', '', '', '', '', '', '', '', '', '', '', '', '', '', '', '', '', '', '', '', '', '', '', '', '', '', '', '', '', '', '', '', '', '', '', '', '', '"', None]]
INFO:root:x shape: (1, 180, 19)
INFO:root:num_tokens: [60]
INFO:root:weights: [0. 1. 0. 1. 1. 1. 0. 1. 1. 0. 1. 0. 1. 0. 1. 1. 1. 0. 1. 1. 1. 0. 1. 0.
 1.]
INFO:TAGGERFLOWSERVER/1234:goodbye ('127.0.0.1', 51718)
INFO:TAGGERFLOWSERVER/1234:accepted ('127.0.0.1', 51720) with fd 5
INFO:TAGGERFLOWSERVER/1234:welcome ('127.0.0.1', 51720)
INFO:root:Feature order: ['PN', 'hypertag', 'XC', 'ZD', 'ZM', 'ZN', 'ZP', 'ZT', 'FO', 'NA', 'PR0', 'PR1', 'PR2', 'PR3', 'PR4', 'AT0', 'AT1', 'AT2', 'AT3', 'AT4']
INFO:root:[['<s>', '"(', '(', 'a', 'spokeswoman', 'say', '(', 'Dow', 'be', '(', 'comfortable', '(', 'with', '(', 'Street', 'Wall', 'expectation', '(', 'full-year', 'earnings', 'will', '(', 'total', '(', 'a', 'share', 'about', '$_14.60', '(', 'compare', '(', 'with', '(', 'last', 'year', 'record', 'net', '(', 'of', '(', 'or', '$_2.4_billion', 'a', 'share', '$_12.76', ')', ')', ')', ')', ')', ')', ')', ')', ')', ')', ')', ')', ')', ')', '</s>']]
INFO:root:[[None, '', '', '', '', '', '', '', '', '', '', '', '', '', '', '', '', '', '', '', '', '', '', '', '', '', '', '', '', '', '', '', '', '', '', '', '', '', '', '', '', '', '', '', '', '', '', '', '', '', '', '', '', '', '', '', '', '', '', None]]
INFO:root:[[None, '', '', '', '', '', '', 'ORGANIZATION', '', '', '', '', '', '', 'NAME', 'NAME', '', '', '', '', '', '', '', '', '', '', '', 'MONEY', '', '', '', '', '', '', '', '', '', '', '', '', '', 'MONEY', '', '', 'MONEY', '', '', '', '', '', '', '', '', '', '', '', '', '', '', None]]
INFO:root:[[None, '', '', '', '', '', '', '', '', '', '', '', '', '', '', '', 'nil', '', '', 'nil', '', '', '', '', '', '', '', 'nil', '', '', '', '', '', '', 'nil', '', '', '', '', '', '', '', '', '', '', '', '', '', '', '', '', '', '', '', '', '', '', '', '', None]]
INFO:root:[[None, '', '', '', '', 'dcl', '', '', '', '', '', '', '', '', '', '', '', '', '', '', '', '', '', '', '', '', '', '', '', '', '', '', '', '', '', '', '', '', '', '', '', '', '', '', '', '', '', '', '', '', '', '', '', '', '', '', '', '', '', None]]
INFO:root:[[None, '', '', '', 'sg', '', '', 'sg', '', '', '', '', '', '', 'sg', 'sg', 'pl', '', '', 'pl', '', '', '', '', '', 'sg', '', '', '', '', '', '', '', '', 'sg', '', 'sg', '', '', '', '', '', '', 'sg', '', '', '', '', '', '', '', '', '', '', '', '', '', '', '', None]]
INFO:root:[[None, '', '', '', '', '', '', '', '', '', '', '', '', '', '', '', '', '', '', '', '', '', '', '', '', '', '', '', '', '', '', '', '', '', '', '', '', '', '', '', '', '', '', '', '', '', '', '', '', '', '', '', '', '', '', '', '', '', '', None]]
INFO:root:[[None, '', '', '', '', 'past', '', '', 'pres', '', '', '', '', '', '', '', '', '', '', '', '', '', '', '', '', '', '', '', '', '', '', '', '', '', '', '', '', '', '', '', '', '', '', '', '', '', '', '', '', '', '', '', '', '', '', '', '', '', '', None]]
INFO:root:[[None, '', '', '0', '1', '2', '', '0', '2', '', '2', '', '1', '', '0', '0', '3', '', '0', '1', '2', '', '2', '', '1', '0', '0', '4', '', '2', '', '1', '', '0', '1', '0', '3', '', '1', '', '2', '0', '1', '0', '1', '', '', '', '', '', '', '', '', '', '', '', '', '', '', None]]
INFO:root:[[None, '', '', '0', '0', '2', '', '0', '2', '', '2', '', '1', '', '0', '0', '0', '', '0', '0', '2', '', '2', '', '1', '0', '0', '0', '', '2', '', '1', '', '0', '0', '0', '0', '', '1', '', '0', '0', '1', '0', '0', '', '', '', '', '', '', '', '', '', '', '', '', '', '', None]]
INFO:root:[[None, '', '', 'Det', 'Arg0', '', '', 'Arg0', 'Arg1', '', 'Arg1', '', 'Arg1', '', 'Mod', 'Mod', 'Arg1', '', 'Mod', 'Arg0', 'Arg', '', 'Arg1', '', 'Mod', 'Arg1', 'Mod', 'Arg2', '', 'ApposRel', '', 'Arg2', '', 'Mod', 'GenOwn', 'Mod', 'Arg1', '', 'Mod', '', 'Arg1', 'First', 'Mod', 'Arg1', 'Next', '', '', '', '', '', '', '', '', '', '', '', '', '', '', None]]
INFO:root:[[None, '', '', '', '', '', '', 'Arg0', '', '', '', '', '', '', '', '', '', '', '', 'Arg1', '', '', '', '', '', '', '', 'Arg1', '', 'ArgM', '', '', '', '', '', '', '', '', '', '', '', '', '', '', '', '', '', '', '', '', '', '', '', '', '', '', '', '', '', None]]
INFO:root:[[None, '', '', '', '', '', '', '', '', '', '', '', '', '', '', '', '', '', '', '', '', '', '', '', '', '', '', '', '', '', '', '', '', '', '', '', '', '', '', '', '', '', '', '', '', '', '', '', '', '', '', '', '', '', '', '', '', '', '', None]]
INFO:root:[[None, '', '', '', '', '', '', '', '', '', '', '', '', '', '', '', '', '', '', '', '', '', '', '', '', '', '', '', '', '', '', '', '', '', '', '', '', '', '', '', '', '', '', '', '', '', '', '', '', '', '', '', '', '', '', '', '', '', '', None]]
INFO:root:[[None, '', '', '', '', '', '', '', '', '', '', '', '', '', '', '', '', '', '', '', '', '', '', '', '', '', '', '', '', '', '', '', '', '', '', '', '', '', '', '', '', '', '', '', '', '', '', '', '', '', '', '', '', '', '', '', '', '', '', None]]
INFO:root:[[None, '', '', '', '', 'Arg0', '', '', 'Arg0', '', 'Arg0', '', 'Arg1', '', '', '', '', '', '', '', 'Arg0', '', 'Arg1', '', 'Arg1', '', '', '', '', 'Arg1', '', 'Arg1', '', '', '', '', '', '', 'Arg1', '', '', '', 'Arg1', '', '', '', '', '', '', '', '', '', '', '', '', '', '', '', '', None]]
INFO:root:[[None, '', '', '', '', 'Arg1', '', '', 'Arg1', '', 'Arg1', '', '', '', '', '', '', '', '', '', 'Arg1', '', 'Arg2', '', '', '', '', '', '', 'Arg2', '', '', '', '', '', '', '', '', '', '', '', '', '', '', '', '', '', '', '', '', '', '', '', '', '', '', '', '', '', None]]
INFO:root:[[None, '', '', '', '', '', '', '', '', '', '', '', '', '', '', '', '', '', '', '', '', '', '', '', '', '', '', '', '', '', '', '', '', '', '', '', '', '', '', '', '', '', '', '', '', '', '', '', '', '', '', '', '', '', '', '', '', '', '', None]]
INFO:root:[[None, '', '', '', '', '', '', '', '', '', '', '', '', '', '', '', '', '', '', '', '', '', '', '', '', '', '', '', '', '', '', '', '', '', '', '', '', '', '', '', '', '', '', '', '', '', '', '', '', '', '', '', '', '', '', '', '', '', '', None]]
INFO:root:[[None, '', '', '', '', '', '', '', '', '', '', '', '', '', '', '', '', '', '', '', '', '', '', '', '', '', '', '', '', '', '', '', '', '', '', '', '', '', '', '', '', '', '', '', '', '', '', '', '', '', '', '', '', '', '', '', '', '', '"', None]]
INFO:root:x shape: (1, 180, 19)
INFO:root:num_tokens: [60]
INFO:root:weights: [0. 1. 0. 1. 1. 1. 0. 1. 1. 0. 1. 0. 1. 0. 1. 1. 1. 0. 1. 1. 1. 0. 1. 0.
 1.]
INFO:TAGGERFLOWSERVER/1234:goodbye ('127.0.0.1', 51720)
